<?xml version="1.0" encoding="UTF-8"?>
<testsuites name="TS_ProductNavigation" time="24.767" tests="1" failures="0" errors="0">
   <testsuite name="TS_ProductNavigation" tests="1" failures="0" errors="0" time="24.767" skipped="0" timestamp="06-02-2025T11:13:27" hostname="WINDOWS11 - Mohan" id="Test Suites/TS_ProductNavigation">
      <properties>
         <property name="deviceName" value=""/>
         <property name="devicePlatform"/>
         <property name="logFolder" value="C:\\Users\\WINDOWS11\\git\\kataloncode\\Reports\\20250206_111320\\TS_ProductNavigation\\20250206_111320"/>
         <property name="logFiles" value="C:\\Users\\WINDOWS11\\git\\kataloncode\\Reports\\20250206_111320\\TS_ProductNavigation\\20250206_111320\\execution0.log"/>
         <property name="attachments" value=""/>
         <property name="hostName" value="WINDOWS11 - Mohan"/>
         <property name="os" value="Windows 11 64bit"/>
         <property name="katalonVersion" value="10.1.0.223"/>
         <property name="browser" value="Chrome 132.0.6834.160"/>
         <property name="hostAddress" value="192.168.1.4"/>
         <property name="sessionId" value="8775d1748f723b6e6ecfca2e8aab407d"/>
         <property name="seleniumVersion" value="4.22.0"/>
         <property name="proxyInformation" value="ProxyInformation { proxyOption=NO_PROXY, proxyServerType=HTTP, username=, password=********, proxyServerAddress=, proxyServerPort=0, executionList=&quot;&quot;, isApplyToDesiredCapabilities=true }"/>
         <property name="platform" value="Windows 11"/>
      </properties>
      <testcase name="Test Cases/TC_ProductNavigation" time="24.216" classname="Test Cases/TC_ProductNavigation" status="PASSED">
         <system-out><![CDATA[06-02-2025T11:13:28 - [TEST_CASE][PASSED] - Test Cases/TC_ProductNavigation: Test Cases/TC_ProductNavigation

06-02-2025T11:13:28 - [TEST_STEP][PASSED] - openBrowser(""): Browser is opened with url: ''

06-02-2025T11:13:29 - [MESSAGE][INFO] - Starting 'Chrome' driver

06-02-2025T11:13:29 - [MESSAGE][INFO] - Action delay is set to 0 milliseconds

06-02-2025T11:13:33 - [MESSAGE][PASSED] - Browser is opened with url: ''

06-02-2025T11:13:33 - [TEST_STEP][PASSED] - navigateToUrl("https://petstore.octoperf.com/"): Navigate to 'https://petstore.octoperf.com/' successfully

06-02-2025T11:13:34 - [MESSAGE][PASSED] - Navigate to 'https://petstore.octoperf.com/' successfully

06-02-2025T11:13:34 - [TEST_STEP][PASSED] - click(findTestObject("Object Repository/ProductNavigation/Page_JPetStore Demo/a_Enter the Store")): Object: 'Object Repository/ProductNavigation/Page_JPetStore Demo/a_Enter the Store' is clicked on

06-02-2025T11:13:36 - [MESSAGE][PASSED] - Object: 'Object Repository/ProductNavigation/Page_JPetStore Demo/a_Enter the Store' is clicked on

06-02-2025T11:13:36 - [TEST_STEP][PASSED] - click(findTestObject("Object Repository/ProductNavigation/Page_JPetStore Demo/a_Sign In")): Object: 'Object Repository/ProductNavigation/Page_JPetStore Demo/a_Sign In' is clicked on

06-02-2025T11:13:37 - [MESSAGE][PASSED] - Object: 'Object Repository/ProductNavigation/Page_JPetStore Demo/a_Sign In' is clicked on

06-02-2025T11:13:37 - [TEST_STEP][PASSED] - click(findTestObject("Object Repository/ProductNavigation/Page_JPetStore Demo/img")): Object: 'Object Repository/ProductNavigation/Page_JPetStore Demo/img' is clicked on

06-02-2025T11:13:38 - [MESSAGE][PASSED] - Object: 'Object Repository/ProductNavigation/Page_JPetStore Demo/img' is clicked on

06-02-2025T11:13:38 - [TEST_STEP][PASSED] - click(findTestObject("Object Repository/ProductNavigation/Page_JPetStore Demo/a_FI-SW-01")): Object: 'Object Repository/ProductNavigation/Page_JPetStore Demo/a_FI-SW-01' is clicked on

06-02-2025T11:13:39 - [MESSAGE][PASSED] - Object: 'Object Repository/ProductNavigation/Page_JPetStore Demo/a_FI-SW-01' is clicked on

06-02-2025T11:13:39 - [TEST_STEP][PASSED] - click(findTestObject("Object Repository/ProductNavigation/Page_JPetStore Demo/a_EST-1")): Object: 'Object Repository/ProductNavigation/Page_JPetStore Demo/a_EST-1' is clicked on

06-02-2025T11:13:40 - [MESSAGE][PASSED] - Object: 'Object Repository/ProductNavigation/Page_JPetStore Demo/a_EST-1' is clicked on

06-02-2025T11:13:40 - [TEST_STEP][PASSED] - click(findTestObject("Object Repository/ProductNavigation/Page_JPetStore Demo/a_Add to Cart")): Object: 'Object Repository/ProductNavigation/Page_JPetStore Demo/a_Add to Cart' is clicked on

06-02-2025T11:13:41 - [MESSAGE][PASSED] - Object: 'Object Repository/ProductNavigation/Page_JPetStore Demo/a_Add to Cart' is clicked on

06-02-2025T11:13:41 - [TEST_STEP][PASSED] - click(findTestObject("Object Repository/ProductNavigation/Page_JPetStore Demo/a_Proceed to Checkout")): Object: 'Object Repository/ProductNavigation/Page_JPetStore Demo/a_Proceed to Checkout' is clicked on

06-02-2025T11:13:42 - [MESSAGE][PASSED] - Object: 'Object Repository/ProductNavigation/Page_JPetStore Demo/a_Proceed to Checkout' is clicked on

06-02-2025T11:13:42 - [TEST_STEP][PASSED] - click(findTestObject("Object Repository/ProductNavigation/Page_JPetStore Demo/img_1")): Object: 'Object Repository/ProductNavigation/Page_JPetStore Demo/img_1' is clicked on

06-02-2025T11:13:43 - [MESSAGE][PASSED] - Object: 'Object Repository/ProductNavigation/Page_JPetStore Demo/img_1' is clicked on

06-02-2025T11:13:43 - [TEST_STEP][PASSED] - click(findTestObject("Object Repository/ProductNavigation/Page_JPetStore Demo/a_FL-DSH-01")): Object: 'Object Repository/ProductNavigation/Page_JPetStore Demo/a_FL-DSH-01' is clicked on

06-02-2025T11:13:44 - [MESSAGE][PASSED] - Object: 'Object Repository/ProductNavigation/Page_JPetStore Demo/a_FL-DSH-01' is clicked on

06-02-2025T11:13:44 - [TEST_STEP][PASSED] - click(findTestObject("Object Repository/ProductNavigation/Page_JPetStore Demo/a_EST-14")): Object: 'Object Repository/ProductNavigation/Page_JPetStore Demo/a_EST-14' is clicked on

06-02-2025T11:13:45 - [MESSAGE][PASSED] - Object: 'Object Repository/ProductNavigation/Page_JPetStore Demo/a_EST-14' is clicked on

06-02-2025T11:13:45 - [TEST_STEP][PASSED] - click(findTestObject("Object Repository/ProductNavigation/Page_JPetStore Demo/a_Add to Cart_1")): Object: 'Object Repository/ProductNavigation/Page_JPetStore Demo/a_Add to Cart_1' is clicked on

06-02-2025T11:13:46 - [MESSAGE][PASSED] - Object: 'Object Repository/ProductNavigation/Page_JPetStore Demo/a_Add to Cart_1' is clicked on

06-02-2025T11:13:46 - [TEST_STEP][PASSED] - click(findTestObject("Object Repository/ProductNavigation/Page_JPetStore Demo/a_Proceed to Checkout")): Object: 'Object Repository/ProductNavigation/Page_JPetStore Demo/a_Proceed to Checkout' is clicked on

06-02-2025T11:13:47 - [MESSAGE][PASSED] - Object: 'Object Repository/ProductNavigation/Page_JPetStore Demo/a_Proceed to Checkout' is clicked on

06-02-2025T11:13:47 - [TEST_STEP][PASSED] - click(findTestObject("Object Repository/ProductNavigation/Page_JPetStore Demo/img_1_2")): Object: 'Object Repository/ProductNavigation/Page_JPetStore Demo/img_1_2' is clicked on

06-02-2025T11:13:48 - [MESSAGE][PASSED] - Object: 'Object Repository/ProductNavigation/Page_JPetStore Demo/img_1_2' is clicked on

06-02-2025T11:13:48 - [TEST_STEP][PASSED] - click(findTestObject("Object Repository/ProductNavigation/Page_JPetStore Demo/a_AV-CB-01")): Object: 'Object Repository/ProductNavigation/Page_JPetStore Demo/a_AV-CB-01' is clicked on

06-02-2025T11:13:49 - [MESSAGE][PASSED] - Object: 'Object Repository/ProductNavigation/Page_JPetStore Demo/a_AV-CB-01' is clicked on

06-02-2025T11:13:49 - [TEST_STEP][PASSED] - click(findTestObject("Object Repository/ProductNavigation/Page_JPetStore Demo/a_EST-18")): Object: 'Object Repository/ProductNavigation/Page_JPetStore Demo/a_EST-18' is clicked on

06-02-2025T11:13:50 - [MESSAGE][PASSED] - Object: 'Object Repository/ProductNavigation/Page_JPetStore Demo/a_EST-18' is clicked on

06-02-2025T11:13:50 - [TEST_STEP][PASSED] - click(findTestObject("Object Repository/ProductNavigation/Page_JPetStore Demo/a_Add to Cart_1_2")): Object: 'Object Repository/ProductNavigation/Page_JPetStore Demo/a_Add to Cart_1_2' is clicked on

06-02-2025T11:13:51 - [MESSAGE][PASSED] - Object: 'Object Repository/ProductNavigation/Page_JPetStore Demo/a_Add to Cart_1_2' is clicked on

06-02-2025T11:13:51 - [TEST_STEP][PASSED] - click(findTestObject("Object Repository/ProductNavigation/Page_JPetStore Demo/a_Proceed to Checkout")): Object: 'Object Repository/ProductNavigation/Page_JPetStore Demo/a_Proceed to Checkout' is clicked on

06-02-2025T11:13:51 - [MESSAGE][PASSED] - Object: 'Object Repository/ProductNavigation/Page_JPetStore Demo/a_Proceed to Checkout' is clicked on

06-02-2025T11:13:51 - [TEST_STEP][PASSED] - closeBrowser(): Browser is closed

06-02-2025T11:13:52 - [MESSAGE][PASSED] - Browser is closed]]></system-out>
         <system-err><![CDATA[]]></system-err>
      </testcase>
      <system-out><![CDATA[06-02-2025T11:13:27 - [TEST_SUITE][PASSED] - TS_ProductNavigation: Test Cases/TC_ProductNavigation]]></system-out>
      <system-err><![CDATA[]]></system-err>
   </testsuite>
</testsuites>
